<?xml version="1.0" encoding="UTF-8"?>
<!-- Generated by org.testng.reporters.JUnitReportReporter -->
<testsuite hostname="LAPTOP-AFCS0RCN" failures="0" tests="1" name="demotestng.Demotestng" time="0.013" errors="0" timestamp="18 Jul 2022 10:08:59 GMT">
  <testcase classname="demotestng.Demotestng" name="DemoTest" time="0.013"/>
</testsuite> <!-- demotestng.Demotestng -->
