<?xml version="1.0" encoding="UTF-8"?>
<!-- Generated by org.testng.reporters.JUnitReportReporter -->
<testsuite hostname="LAPTOP-AFCS0RCN" failures="0" tests="1" name="demotestng.Demo1Test" time="0.011" errors="0" timestamp="18 Jul 2022 10:28:58 GMT">
  <testcase classname="demotestng.Demo1Test" name="testcase1" time="0.011"/>
</testsuite> <!-- demotestng.Demo1Test -->
