<?xml version="1.0" encoding="UTF-8"?>
<!-- Generated by org.testng.reporters.JUnitReportReporter -->
<testsuite hostname="LAPTOP-AFCS0RCN" name="demotestng.DemotestngTest" tests="1" failures="0" timestamp="19 Jul 2022 05:15:56 GMT" time="0.000" errors="0">
  <testcase name="DemoTest" time="0.000" classname="demotestng.DemotestngTest"/>
</testsuite> <!-- demotestng.DemotestngTest -->
