<?xml version="1.0" encoding="UTF-8"?>
<!-- Generated by org.testng.reporters.JUnitReportReporter -->
<testsuite hostname="LAPTOP-AFCS0RCN" name="demotestng.Demo1Test" tests="2" failures="0" timestamp="19 Jul 2022 05:15:56 GMT" time="0.052" errors="0">
  <testcase name="testcase1" time="0.051" classname="demotestng.Demo1Test"/>
  <testcase name="testcase2" time="0.001" classname="demotestng.Demo1Test"/>
</testsuite> <!-- demotestng.Demo1Test -->
